Command line:
   ALU_TB_isim_beh.exe
     -simmode  gui
     -simrunnum  0
     -socket  50399

Mon Jan 18 17:21:50 2021


 Elaboration Time: 0.03125 sec

 Current Memory Usage: 361.419 Meg

 Total Signals          : 32
 Total Nets             : 299
 Total Signal Drivers   : 23
 Total Blocks           : 3
 Total Primitive Blocks : 2
 Total Processes        : 26
 Total Traceable Variables  : 46
 Total Scalar Nets and Variables : 838
Total Line Count : 465

 Total Simulation Time: 0.171875 sec

 Current Memory Usage: 676.008 Meg

Mon Jan 18 17:22:38 2021

