Command line:
   PC_TB_isim_beh.exe
     -simmode  gui
     -simrunnum  0
     -socket  50390

Mon Jan 18 17:18:33 2021


 Elaboration Time: 0.03125 sec

 Current Memory Usage: 361.312 Meg

 Total Signals          : 19
 Total Nets             : 83
 Total Signal Drivers   : 11
 Total Blocks           : 3
 Total Primitive Blocks : 2
 Total Processes        : 14
 Total Traceable Variables  : 24
 Total Scalar Nets and Variables : 233
Total Line Count : 81

 Total Simulation Time: 0.03125 sec

 Current Memory Usage: 361.312 Meg

Mon Jan 18 17:18:51 2021

