Command line:
   AP_isim_beh.exe
     -simmode  gui
     -simrunnum  0
     -socket  49671

Mon Jan 18 14:36:10 2021


 Elaboration Time: 0.03125 sec

 Current Memory Usage: 361.353 Meg

 Total Signals          : 16
 Total Nets             : 22
 Total Signal Drivers   : 6
 Total Blocks           : 2
 Total Primitive Blocks : 2
 Total Processes        : 8
 Total Traceable Variables  : 19
 Total Scalar Nets and Variables : 105
Total Line Count : 23

 Total Simulation Time: 0.1875 sec

 Current Memory Usage: 361.353 Meg

Mon Jan 18 14:36:17 2021

