Command line:
   MainCPU_MainCPU_sch_tb_isim_beh.exe
     -simmode  gui
     -simrunnum  0
     -socket  51341

Mon Jan 18 20:29:50 2021


 Elaboration Time: 0.015625 sec

 Current Memory Usage: 361.452 Meg

 Total Signals          : 138
 Total Nets             : 671
 Total Signal Drivers   : 58
 Total Blocks           : 14
 Total Primitive Blocks : 12
 Total Processes        : 69
 Total Traceable Variables  : 66
 Total Scalar Nets and Variables : 1712
Total Line Count : 699

 Total Simulation Time: 0.609375 sec

 Current Memory Usage: 676.041 Meg

Mon Jan 18 20:30:51 2021

