--------------------------------------------------------------------------------
Release 14.7 Trace  (nt64)
Copyright (c) 1995-2013 Xilinx, Inc.  All rights reserved.

C:\Xilinx\14.7\ISE_DS\ISE\bin\nt64\unwrapped\trce.exe -intstyle ise -v 3 -s 3
-n 3 -fastpaths -xml ALU.twx ALU.ncd -o ALU.twr ALU.pcf

Design file:              ALU.ncd
Physical constraint file: ALU.pcf
Device,package,speed:     xc6slx75,csg484,C,-3 (PRODUCTION 1.23 2013-10-13)
Report level:             verbose report

Environment Variable      Effect 
--------------------      ------ 
NONE                      No environment variables were set
--------------------------------------------------------------------------------

INFO:Timing:2698 - No timing constraints found, doing default enumeration.
INFO:Timing:3412 - To improve timing, see the Timing Closure User Guide (UG612).
INFO:Timing:2752 - To get complete path coverage, use the unconstrained paths 
   option. All paths that are not constrained will be reported in the 
   unconstrained paths section(s) of the report.
INFO:Timing:3339 - The clock-to-out numbers in this timing report are based on 
   a 50 Ohm transmission line loading model.  For the details of this model, 
   and for more information on accounting for different loading conditions, 
   please see the device datasheet.



Data Sheet report:
-----------------
All values displayed in nanoseconds (ns)

Pad to Pad
---------------+---------------+---------+
Source Pad     |Destination Pad|  Delay  |
---------------+---------------+---------+
ALU_Sel<0>     |MenagePC<0>    |   10.117|
ALU_Sel<1>     |MenagePC<0>    |   10.302|
ALU_Sel<2>     |MenagePC<0>    |   10.230|
ALU_Sel<3>     |MenagePC<0>    |    9.586|
ALU_Sel<4>     |MenagePC<0>    |    9.547|
ALU_Sel<5>     |MenagePC<0>    |    9.446|
ALU_Sel<6>     |MenagePC<0>    |    9.667|
ALU_Sel<7>     |MenagePC<0>    |    9.608|
---------------+---------------+---------+


Analysis completed Fri Dec 25 14:33:33 2020 
--------------------------------------------------------------------------------

Trace Settings:
-------------------------
Trace Settings 

Peak Memory Usage: 301 MB



