Release 14.7 Map P.20131013 (nt64)
Xilinx Mapping Report File for Design 'MainCPU'

Design Information
------------------
Command Line   : map -intstyle ise -p xc6slx75-csg484-3 -w -logic_opt off -ol
high -t 1 -xt 0 -register_duplication off -r 4 -global_opt off -mt off -ir off
-pr off -lc off -power off -o MainCPU_map.ncd MainCPU.ngd MainCPU.pcf 
Target Device  : xc6slx75
Target Package : csg484
Target Speed   : -3
Mapper Version : spartan6 -- $Revision: 1.55 $
Mapped Date    : Mon Jan 18 20:02:19 2021

Design Summary
--------------
Number of errors:      0
Number of warnings:    0
Slice Logic Utilization:
  Number of Slice Registers:                 1,013 out of  93,296    1%
    Number used as Flip Flops:               1,008
    Number used as Latches:                      0
    Number used as Latch-thrus:                  0
    Number used as AND/OR logics:                5
  Number of Slice LUTs:                      9,664 out of  46,648   20%
    Number used as logic:                    9,646 out of  46,648   20%
      Number using O6 output only:           7,547
      Number using O5 output only:             129
      Number using O5 and O6:                1,970
      Number used as ROM:                        0
    Number used as Memory:                       0 out of  11,072    0%
    Number used exclusively as route-thrus:     18
      Number with same-slice register load:     15
      Number with same-slice carry load:         3
      Number with other load:                    0

Slice Logic Distribution:
  Number of occupied Slices:                 3,224 out of  11,662   27%
  Number of MUXCYs used:                     4,712 out of  23,324   20%
  Number of LUT Flip Flop pairs used:        9,943
    Number with an unused Flip Flop:         8,947 out of   9,943   89%
    Number with an unused LUT:                 279 out of   9,943    2%
    Number of fully used LUT-FF pairs:         717 out of   9,943    7%
    Number of unique control sets:              13
    Number of slice register sites lost
      to control set restrictions:              24 out of  93,296    1%

  A LUT Flip Flop pair for this architecture represents one LUT paired with
  one Flip Flop within a slice.  A control set is a unique combination of
  clock, reset, set, and enable signals for a registered element.
  The Slice Logic Distribution report is not meaningful if the design is
  over-mapped for a non-slice resource or if Placement fails.

IO Utilization:
  Number of bonded IOBs:                       326 out of     328   99%
    IOB Flip Flops:                              1

Specific Feature Utilization:
  Number of RAMB16BWERs:                         0 out of     172    0%
  Number of RAMB8BWERs:                          0 out of     344    0%
  Number of BUFIO2/BUFIO2_2CLKs:                 0 out of      32    0%
  Number of BUFIO2FB/BUFIO2FB_2CLKs:             0 out of      32    0%
  Number of BUFG/BUFGMUXs:                       1 out of      16    6%
    Number used as BUFGs:                        1
    Number used as BUFGMUX:                      0
  Number of DCM/DCM_CLKGENs:                     0 out of      12    0%
  Number of ILOGIC2/ISERDES2s:                   1 out of     442    1%
    Number used as ILOGIC2s:                     1
    Number used as ISERDES2s:                    0
  Number of IODELAY2/IODRP2/IODRP2_MCBs:         1 out of     442    1%
    Number used as IODELAY2s:                    1
    Number used as IODRP2s:                      0
    Number used as IODRP2_MCBs:                  0
  Number of OLOGIC2/OSERDES2s:                   0 out of     442    0%
  Number of BSCANs:                              0 out of       4    0%
  Number of BUFHs:                               0 out of     384    0%
  Number of BUFPLLs:                             0 out of       8    0%
  Number of BUFPLL_MCBs:                         0 out of       4    0%
  Number of DSP48A1s:                            6 out of     132    4%
  Number of ICAPs:                               0 out of       1    0%
  Number of MCBs:                                0 out of       4    0%
  Number of PCILOGICSEs:                         0 out of       2    0%
  Number of PLL_ADVs:                            0 out of       6    0%
  Number of PMVs:                                0 out of       1    0%
  Number of STARTUPs:                            0 out of       1    0%
  Number of SUSPEND_SYNCs:                       0 out of       1    0%

Average Fanout of Non-Clock Nets:                5.10

Peak Memory Usage:  652 MB
Total REAL time to MAP completion:  2 mins 43 secs 
Total CPU time to MAP completion:   2 mins 42 secs 

Table of Contents
-----------------
Section 1 - Errors
Section 2 - Warnings
Section 3 - Informational
Section 4 - Removed Logic Summary
Section 5 - Removed Logic
Section 6 - IOB Properties
Section 7 - RPMs
Section 8 - Guide Report
Section 9 - Area Group and Partition Summary
Section 10 - Timing Report
Section 11 - Configuration String Information
Section 12 - Control Set Information
Section 13 - Utilization by Hierarchy

Section 1 - Errors
------------------

Section 2 - Warnings
--------------------

Section 3 - Informational
-------------------------
INFO:MapLib:562 - No environment variables are currently set.
INFO:LIT:244 - All of the single ended outputs in this design are using slew
   rate limited output drivers. The delay on speed critical single ended outputs
   can be dramatically reduced by designating them as fast outputs.
INFO:Pack:1716 - Initializing temperature to 85.000 Celsius. (default - Range:
   0.000 to 85.000 Celsius)
INFO:Pack:1720 - Initializing voltage to 1.140 Volts. (default - Range: 1.140 to
   1.260 Volts)
INFO:Map:215 - The Interim Design Summary has been generated in the MAP Report
   (.mrp).
INFO:Pack:1650 - Map created a placed design.

Section 4 - Removed Logic Summary
---------------------------------
   2 block(s) optimized away

Section 5 - Removed Logic
-------------------------

Optimized Block(s):
TYPE 		BLOCK
GND 		XST_GND
VCC 		XST_VCC

To enable printing of redundant blocks removed and signals merged, set the
detailed map report option and rerun map.

Section 6 - IOB Properties
--------------------------

+---------------------------------------------------------------------------------------------------------------------------------------------------------+
| IOB Name                           | Type             | Direction | IO Standard          | Diff  | Drive    | Slew | Reg (s)      | Resistor | IOB      |
|                                    |                  |           |                      | Term  | Strength | Rate |              |          | Delay    |
+---------------------------------------------------------------------------------------------------------------------------------------------------------+
| A<0>                               | IOB              | OUTPUT    | LVCMOS25             |       | 12       | SLOW |              |          |          |
| A<1>                               | IOB              | OUTPUT    | LVCMOS25             |       | 12       | SLOW |              |          |          |
| A<2>                               | IOB              | OUTPUT    | LVCMOS25             |       | 12       | SLOW |              |          |          |
| A<3>                               | IOB              | OUTPUT    | LVCMOS25             |       | 12       | SLOW |              |          |          |
| A<4>                               | IOB              | OUTPUT    | LVCMOS25             |       | 12       | SLOW |              |          |          |
| A<5>                               | IOB              | OUTPUT    | LVCMOS25             |       | 12       | SLOW |              |          |          |
| A<6>                               | IOB              | OUTPUT    | LVCMOS25             |       | 12       | SLOW |              |          |          |
| A<7>                               | IOB              | OUTPUT    | LVCMOS25             |       | 12       | SLOW |              |          |          |
| A<8>                               | IOB              | OUTPUT    | LVCMOS25             |       | 12       | SLOW |              |          |          |
| A<9>                               | IOB              | OUTPUT    | LVCMOS25             |       | 12       | SLOW |              |          |          |
| A<10>                              | IOB              | OUTPUT    | LVCMOS25             |       | 12       | SLOW |              |          |          |
| A<11>                              | IOB              | OUTPUT    | LVCMOS25             |       | 12       | SLOW |              |          |          |
| A<12>                              | IOB              | OUTPUT    | LVCMOS25             |       | 12       | SLOW |              |          |          |
| A<13>                              | IOB              | OUTPUT    | LVCMOS25             |       | 12       | SLOW |              |          |          |
| A<14>                              | IOB              | OUTPUT    | LVCMOS25             |       | 12       | SLOW |              |          |          |
| A<15>                              | IOB              | OUTPUT    | LVCMOS25             |       | 12       | SLOW |              |          |          |
| A<16>                              | IOB              | OUTPUT    | LVCMOS25             |       | 12       | SLOW |              |          |          |
| A<17>                              | IOB              | OUTPUT    | LVCMOS25             |       | 12       | SLOW |              |          |          |
| A<18>                              | IOB              | OUTPUT    | LVCMOS25             |       | 12       | SLOW |              |          |          |
| A<19>                              | IOB              | OUTPUT    | LVCMOS25             |       | 12       | SLOW |              |          |          |
| A<20>                              | IOB              | OUTPUT    | LVCMOS25             |       | 12       | SLOW |              |          |          |
| A<21>                              | IOB              | OUTPUT    | LVCMOS25             |       | 12       | SLOW |              |          |          |
| A<22>                              | IOB              | OUTPUT    | LVCMOS25             |       | 12       | SLOW |              |          |          |
| A<23>                              | IOB              | OUTPUT    | LVCMOS25             |       | 12       | SLOW |              |          |          |
| A<24>                              | IOB              | OUTPUT    | LVCMOS25             |       | 12       | SLOW |              |          |          |
| A<25>                              | IOB              | OUTPUT    | LVCMOS25             |       | 12       | SLOW |              |          |          |
| A<26>                              | IOB              | OUTPUT    | LVCMOS25             |       | 12       | SLOW |              |          |          |
| A<27>                              | IOB              | OUTPUT    | LVCMOS25             |       | 12       | SLOW |              |          |          |
| A<28>                              | IOB              | OUTPUT    | LVCMOS25             |       | 12       | SLOW |              |          |          |
| A<29>                              | IOB              | OUTPUT    | LVCMOS25             |       | 12       | SLOW |              |          |          |
| A<30>                              | IOB              | OUTPUT    | LVCMOS25             |       | 12       | SLOW |              |          |          |
| A<31>                              | IOB              | OUTPUT    | LVCMOS25             |       | 12       | SLOW |              |          |          |
| ALUAddressBus<0>                   | IOB              | OUTPUT    | LVCMOS25             |       | 12       | SLOW |              |          |          |
| ALUAddressBus<1>                   | IOB              | OUTPUT    | LVCMOS25             |       | 12       | SLOW |              |          |          |
| ALUAddressBus<2>                   | IOB              | OUTPUT    | LVCMOS25             |       | 12       | SLOW |              |          |          |
| ALUAddressBus<3>                   | IOB              | OUTPUT    | LVCMOS25             |       | 12       | SLOW |              |          |          |
| ALUAddressBus<4>                   | IOB              | OUTPUT    | LVCMOS25             |       | 12       | SLOW |              |          |          |
| ALUAddressBus<5>                   | IOB              | OUTPUT    | LVCMOS25             |       | 12       | SLOW |              |          |          |
| ALUAddressBus<6>                   | IOB              | OUTPUT    | LVCMOS25             |       | 12       | SLOW |              |          |          |
| ALUAddressBus<7>                   | IOB              | OUTPUT    | LVCMOS25             |       | 12       | SLOW |              |          |          |
| ALUAddressBus<8>                   | IOB              | OUTPUT    | LVCMOS25             |       | 12       | SLOW |              |          |          |
| ALUAddressBus<9>                   | IOB              | OUTPUT    | LVCMOS25             |       | 12       | SLOW |              |          |          |
| ALUAddressBus<10>                  | IOB              | OUTPUT    | LVCMOS25             |       | 12       | SLOW |              |          |          |
| ALUAddressBus<11>                  | IOB              | OUTPUT    | LVCMOS25             |       | 12       | SLOW |              |          |          |
| ALUAddressBus<12>                  | IOB              | OUTPUT    | LVCMOS25             |       | 12       | SLOW |              |          |          |
| ALUAddressBus<13>                  | IOB              | OUTPUT    | LVCMOS25             |       | 12       | SLOW |              |          |          |
| ALUAddressBus<14>                  | IOB              | OUTPUT    | LVCMOS25             |       | 12       | SLOW |              |          |          |
| ALUAddressBus<15>                  | IOB              | OUTPUT    | LVCMOS25             |       | 12       | SLOW |              |          |          |
| ALUAddressBus<16>                  | IOB              | OUTPUT    | LVCMOS25             |       | 12       | SLOW |              |          |          |
| ALUAddressBus<17>                  | IOB              | OUTPUT    | LVCMOS25             |       | 12       | SLOW |              |          |          |
| ALUAddressBus<18>                  | IOB              | OUTPUT    | LVCMOS25             |       | 12       | SLOW |              |          |          |
| ALUAddressBus<19>                  | IOB              | OUTPUT    | LVCMOS25             |       | 12       | SLOW |              |          |          |
| ALUAddressBus<20>                  | IOB              | OUTPUT    | LVCMOS25             |       | 12       | SLOW |              |          |          |
| ALUAddressBus<21>                  | IOB              | OUTPUT    | LVCMOS25             |       | 12       | SLOW |              |          |          |
| ALUAddressBus<22>                  | IOB              | OUTPUT    | LVCMOS25             |       | 12       | SLOW |              |          |          |
| ALUAddressBus<23>                  | IOB              | OUTPUT    | LVCMOS25             |       | 12       | SLOW |              |          |          |
| ALUAddressBus<24>                  | IOB              | OUTPUT    | LVCMOS25             |       | 12       | SLOW |              |          |          |
| ALUAddressBus<25>                  | IOB              | OUTPUT    | LVCMOS25             |       | 12       | SLOW |              |          |          |
| ALUAddressBus<26>                  | IOB              | OUTPUT    | LVCMOS25             |       | 12       | SLOW |              |          |          |
| ALUAddressBus<27>                  | IOB              | OUTPUT    | LVCMOS25             |       | 12       | SLOW |              |          |          |
| ALUAddressBus<28>                  | IOB              | OUTPUT    | LVCMOS25             |       | 12       | SLOW |              |          |          |
| ALUAddressBus<29>                  | IOB              | OUTPUT    | LVCMOS25             |       | 12       | SLOW |              |          |          |
| ALUAddressBus<30>                  | IOB              | OUTPUT    | LVCMOS25             |       | 12       | SLOW |              |          |          |
| ALUAddressBus<31>                  | IOB              | OUTPUT    | LVCMOS25             |       | 12       | SLOW |              |          |          |
| ALUSel<0>                          | IOB              | OUTPUT    | LVCMOS25             |       | 12       | SLOW |              |          |          |
| ALUSel<1>                          | IOB              | OUTPUT    | LVCMOS25             |       | 12       | SLOW |              |          |          |
| ALUSel<2>                          | IOB              | OUTPUT    | LVCMOS25             |       | 12       | SLOW |              |          |          |
| ALUSel<3>                          | IOB              | OUTPUT    | LVCMOS25             |       | 12       | SLOW |              |          |          |
| ALUSel<4>                          | IOB              | OUTPUT    | LVCMOS25             |       | 12       | SLOW |              |          |          |
| ALUSel<5>                          | IOB              | OUTPUT    | LVCMOS25             |       | 12       | SLOW |              |          |          |
| ALUSel<6>                          | IOB              | OUTPUT    | LVCMOS25             |       | 12       | SLOW |              |          |          |
| ALUSel<7>                          | IOB              | OUTPUT    | LVCMOS25             |       | 12       | SLOW |              |          |          |
| ALUrst                             | IOB              | OUTPUT    | LVCMOS25             |       | 12       | SLOW |              |          |          |
| APSel<0>                           | IOB              | OUTPUT    | LVCMOS25             |       | 12       | SLOW |              |          |          |
| APSel<1>                           | IOB              | OUTPUT    | LVCMOS25             |       | 12       | SLOW |              |          |          |
| APSel<2>                           | IOB              | OUTPUT    | LVCMOS25             |       | 12       | SLOW |              |          |          |
| APSet<0>                           | IOB              | OUTPUT    | LVCMOS25             |       | 12       | SLOW |              |          |          |
| APSet<1>                           | IOB              | OUTPUT    | LVCMOS25             |       | 12       | SLOW |              |          |          |
| APSet<2>                           | IOB              | OUTPUT    | LVCMOS25             |       | 12       | SLOW |              |          |          |
| APSet<3>                           | IOB              | OUTPUT    | LVCMOS25             |       | 12       | SLOW |              |          |          |
| B<0>                               | IOB              | OUTPUT    | LVCMOS25             |       | 12       | SLOW |              |          |          |
| B<1>                               | IOB              | OUTPUT    | LVCMOS25             |       | 12       | SLOW |              |          |          |
| B<2>                               | IOB              | OUTPUT    | LVCMOS25             |       | 12       | SLOW |              |          |          |
| B<3>                               | IOB              | OUTPUT    | LVCMOS25             |       | 12       | SLOW |              |          |          |
| B<4>                               | IOB              | OUTPUT    | LVCMOS25             |       | 12       | SLOW |              |          |          |
| B<5>                               | IOB              | OUTPUT    | LVCMOS25             |       | 12       | SLOW |              |          |          |
| B<6>                               | IOB              | OUTPUT    | LVCMOS25             |       | 12       | SLOW |              |          |          |
| B<7>                               | IOB              | OUTPUT    | LVCMOS25             |       | 12       | SLOW |              |          |          |
| B<8>                               | IOB              | OUTPUT    | LVCMOS25             |       | 12       | SLOW |              |          |          |
| B<9>                               | IOB              | OUTPUT    | LVCMOS25             |       | 12       | SLOW |              |          |          |
| B<10>                              | IOB              | OUTPUT    | LVCMOS25             |       | 12       | SLOW |              |          |          |
| B<11>                              | IOB              | OUTPUT    | LVCMOS25             |       | 12       | SLOW |              |          |          |
| B<12>                              | IOB              | OUTPUT    | LVCMOS25             |       | 12       | SLOW |              |          |          |
| B<13>                              | IOB              | OUTPUT    | LVCMOS25             |       | 12       | SLOW |              |          |          |
| B<14>                              | IOB              | OUTPUT    | LVCMOS25             |       | 12       | SLOW |              |          |          |
| B<15>                              | IOB              | OUTPUT    | LVCMOS25             |       | 12       | SLOW |              |          |          |
| B<16>                              | IOB              | OUTPUT    | LVCMOS25             |       | 12       | SLOW |              |          |          |
| B<17>                              | IOB              | OUTPUT    | LVCMOS25             |       | 12       | SLOW |              |          |          |
| B<18>                              | IOB              | OUTPUT    | LVCMOS25             |       | 12       | SLOW |              |          |          |
| B<19>                              | IOB              | OUTPUT    | LVCMOS25             |       | 12       | SLOW |              |          |          |
| B<20>                              | IOB              | OUTPUT    | LVCMOS25             |       | 12       | SLOW |              |          |          |
| B<21>                              | IOB              | OUTPUT    | LVCMOS25             |       | 12       | SLOW |              |          |          |
| B<22>                              | IOB              | OUTPUT    | LVCMOS25             |       | 12       | SLOW |              |          |          |
| B<23>                              | IOB              | OUTPUT    | LVCMOS25             |       | 12       | SLOW |              |          |          |
| B<24>                              | IOB              | OUTPUT    | LVCMOS25             |       | 12       | SLOW |              |          |          |
| B<25>                              | IOB              | OUTPUT    | LVCMOS25             |       | 12       | SLOW |              |          |          |
| B<26>                              | IOB              | OUTPUT    | LVCMOS25             |       | 12       | SLOW |              |          |          |
| B<27>                              | IOB              | OUTPUT    | LVCMOS25             |       | 12       | SLOW |              |          |          |
| B<28>                              | IOB              | OUTPUT    | LVCMOS25             |       | 12       | SLOW |              |          |          |
| B<29>                              | IOB              | OUTPUT    | LVCMOS25             |       | 12       | SLOW |              |          |          |
| B<30>                              | IOB              | OUTPUT    | LVCMOS25             |       | 12       | SLOW |              |          |          |
| B<31>                              | IOB              | OUTPUT    | LVCMOS25             |       | 12       | SLOW |              |          |          |
| DecoderData<0>                     | IOB              | OUTPUT    | LVCMOS25             |       | 12       | SLOW |              |          |          |
| DecoderData<1>                     | IOB              | OUTPUT    | LVCMOS25             |       | 12       | SLOW |              |          |          |
| DecoderData<2>                     | IOB              | OUTPUT    | LVCMOS25             |       | 12       | SLOW |              |          |          |
| DecoderData<3>                     | IOB              | OUTPUT    | LVCMOS25             |       | 12       | SLOW |              |          |          |
| DecoderData<4>                     | IOB              | OUTPUT    | LVCMOS25             |       | 12       | SLOW |              |          |          |
| DecoderData<5>                     | IOB              | OUTPUT    | LVCMOS25             |       | 12       | SLOW |              |          |          |
| DecoderData<6>                     | IOB              | OUTPUT    | LVCMOS25             |       | 12       | SLOW |              |          |          |
| DecoderData<7>                     | IOB              | OUTPUT    | LVCMOS25             |       | 12       | SLOW |              |          |          |
| DecoderData<8>                     | IOB              | OUTPUT    | LVCMOS25             |       | 12       | SLOW |              |          |          |
| DecoderData<9>                     | IOB              | OUTPUT    | LVCMOS25             |       | 12       | SLOW |              |          |          |
| DecoderData<10>                    | IOB              | OUTPUT    | LVCMOS25             |       | 12       | SLOW |              |          |          |
| DecoderData<11>                    | IOB              | OUTPUT    | LVCMOS25             |       | 12       | SLOW |              |          |          |
| DecoderData<12>                    | IOB              | OUTPUT    | LVCMOS25             |       | 12       | SLOW |              |          |          |
| DecoderData<13>                    | IOB              | OUTPUT    | LVCMOS25             |       | 12       | SLOW |              |          |          |
| DecoderData<14>                    | IOB              | OUTPUT    | LVCMOS25             |       | 12       | SLOW |              |          |          |
| DecoderData<15>                    | IOB              | OUTPUT    | LVCMOS25             |       | 12       | SLOW |              |          |          |
| DecoderData<16>                    | IOB              | OUTPUT    | LVCMOS25             |       | 12       | SLOW |              |          |          |
| DecoderData<17>                    | IOB              | OUTPUT    | LVCMOS25             |       | 12       | SLOW |              |          |          |
| DecoderData<18>                    | IOB              | OUTPUT    | LVCMOS25             |       | 12       | SLOW |              |          |          |
| DecoderData<19>                    | IOB              | OUTPUT    | LVCMOS25             |       | 12       | SLOW |              |          |          |
| DecoderData<20>                    | IOB              | OUTPUT    | LVCMOS25             |       | 12       | SLOW |              |          |          |
| DecoderData<21>                    | IOB              | OUTPUT    | LVCMOS25             |       | 12       | SLOW |              |          |          |
| DecoderData<22>                    | IOB              | OUTPUT    | LVCMOS25             |       | 12       | SLOW |              |          |          |
| DecoderData<23>                    | IOB              | OUTPUT    | LVCMOS25             |       | 12       | SLOW |              |          |          |
| ExternalAddressBus<0>              | IOB              | OUTPUT    | LVCMOS25             |       | 12       | SLOW |              |          |          |
| ExternalAddressBus<1>              | IOB              | OUTPUT    | LVCMOS25             |       | 12       | SLOW |              |          |          |
| ExternalAddressBus<2>              | IOB              | OUTPUT    | LVCMOS25             |       | 12       | SLOW |              |          |          |
| ExternalAddressBus<3>              | IOB              | OUTPUT    | LVCMOS25             |       | 12       | SLOW |              |          |          |
| ExternalAddressBus<4>              | IOB              | OUTPUT    | LVCMOS25             |       | 12       | SLOW |              |          |          |
| ExternalAddressBus<5>              | IOB              | OUTPUT    | LVCMOS25             |       | 12       | SLOW |              |          |          |
| ExternalAddressBus<6>              | IOB              | OUTPUT    | LVCMOS25             |       | 12       | SLOW |              |          |          |
| ExternalAddressBus<7>              | IOB              | OUTPUT    | LVCMOS25             |       | 12       | SLOW |              |          |          |
| ExternalAddressBus<8>              | IOB              | OUTPUT    | LVCMOS25             |       | 12       | SLOW |              |          |          |
| ExternalAddressBus<9>              | IOB              | OUTPUT    | LVCMOS25             |       | 12       | SLOW |              |          |          |
| ExternalAddressBus<10>             | IOB              | OUTPUT    | LVCMOS25             |       | 12       | SLOW |              |          |          |
| ExternalAddressBus<11>             | IOB              | OUTPUT    | LVCMOS25             |       | 12       | SLOW |              |          |          |
| ExternalAddressBus<12>             | IOB              | OUTPUT    | LVCMOS25             |       | 12       | SLOW |              |          |          |
| ExternalAddressBus<13>             | IOB              | OUTPUT    | LVCMOS25             |       | 12       | SLOW |              |          |          |
| ExternalAddressBus<14>             | IOB              | OUTPUT    | LVCMOS25             |       | 12       | SLOW |              |          |          |
| ExternalAddressBus<15>             | IOB              | OUTPUT    | LVCMOS25             |       | 12       | SLOW |              |          |          |
| ExternalAddressBus<16>             | IOB              | OUTPUT    | LVCMOS25             |       | 12       | SLOW |              |          |          |
| ExternalAddressBus<17>             | IOB              | OUTPUT    | LVCMOS25             |       | 12       | SLOW |              |          |          |
| ExternalAddressBus<18>             | IOB              | OUTPUT    | LVCMOS25             |       | 12       | SLOW |              |          |          |
| ExternalAddressBus<19>             | IOB              | OUTPUT    | LVCMOS25             |       | 12       | SLOW |              |          |          |
| ExternalAddressBus<20>             | IOB              | OUTPUT    | LVCMOS25             |       | 12       | SLOW |              |          |          |
| ExternalAddressBus<21>             | IOB              | OUTPUT    | LVCMOS25             |       | 12       | SLOW |              |          |          |
| ExternalAddressBus<22>             | IOB              | OUTPUT    | LVCMOS25             |       | 12       | SLOW |              |          |          |
| ExternalAddressBus<23>             | IOB              | OUTPUT    | LVCMOS25             |       | 12       | SLOW |              |          |          |
| ExternalAddressBus<24>             | IOB              | OUTPUT    | LVCMOS25             |       | 12       | SLOW |              |          |          |
| ExternalAddressBus<25>             | IOB              | OUTPUT    | LVCMOS25             |       | 12       | SLOW |              |          |          |
| ExternalAddressBus<26>             | IOB              | OUTPUT    | LVCMOS25             |       | 12       | SLOW |              |          |          |
| ExternalAddressBus<27>             | IOB              | OUTPUT    | LVCMOS25             |       | 12       | SLOW |              |          |          |
| ExternalAddressBus<28>             | IOB              | OUTPUT    | LVCMOS25             |       | 12       | SLOW |              |          |          |
| ExternalAddressBus<29>             | IOB              | OUTPUT    | LVCMOS25             |       | 12       | SLOW |              |          |          |
| ExternalAddressBus<30>             | IOB              | OUTPUT    | LVCMOS25             |       | 12       | SLOW |              |          |          |
| ExternalAddressBus<31>             | IOB              | OUTPUT    | LVCMOS25             |       | 12       | SLOW |              |          |          |
| ExternalDataBus<0>                 | IOB              | BIDIR     | LVCMOS25             |       | 12       | SLOW |              |          |          |
| ExternalDataBus<1>                 | IOB              | BIDIR     | LVCMOS25             |       | 12       | SLOW |              |          |          |
| ExternalDataBus<2>                 | IOB              | BIDIR     | LVCMOS25             |       | 12       | SLOW |              |          |          |
| ExternalDataBus<3>                 | IOB              | BIDIR     | LVCMOS25             |       | 12       | SLOW |              |          |          |
| ExternalDataBus<4>                 | IOB              | BIDIR     | LVCMOS25             |       | 12       | SLOW |              |          |          |
| ExternalDataBus<5>                 | IOB              | BIDIR     | LVCMOS25             |       | 12       | SLOW |              |          |          |
| ExternalDataBus<6>                 | IOB              | BIDIR     | LVCMOS25             |       | 12       | SLOW |              |          |          |
| ExternalDataBus<7>                 | IOB              | BIDIR     | LVCMOS25             |       | 12       | SLOW |              |          |          |
| ExternalDataBus<8>                 | IOB              | BIDIR     | LVCMOS25             |       | 12       | SLOW |              |          |          |
| ExternalDataBus<9>                 | IOB              | BIDIR     | LVCMOS25             |       | 12       | SLOW |              |          |          |
| ExternalDataBus<10>                | IOB              | BIDIR     | LVCMOS25             |       | 12       | SLOW |              |          |          |
| ExternalDataBus<11>                | IOB              | BIDIR     | LVCMOS25             |       | 12       | SLOW |              |          |          |
| ExternalDataBus<12>                | IOB              | BIDIR     | LVCMOS25             |       | 12       | SLOW |              |          |          |
| ExternalDataBus<13>                | IOB              | BIDIR     | LVCMOS25             |       | 12       | SLOW |              |          |          |
| ExternalDataBus<14>                | IOB              | BIDIR     | LVCMOS25             |       | 12       | SLOW |              |          |          |
| ExternalDataBus<15>                | IOB              | BIDIR     | LVCMOS25             |       | 12       | SLOW |              |          |          |
| ExternalDataBus<16>                | IOB              | BIDIR     | LVCMOS25             |       | 12       | SLOW |              |          |          |
| ExternalDataBus<17>                | IOB              | BIDIR     | LVCMOS25             |       | 12       | SLOW |              |          |          |
| ExternalDataBus<18>                | IOB              | BIDIR     | LVCMOS25             |       | 12       | SLOW |              |          |          |
| ExternalDataBus<19>                | IOB              | BIDIR     | LVCMOS25             |       | 12       | SLOW |              |          |          |
| ExternalDataBus<20>                | IOB              | BIDIR     | LVCMOS25             |       | 12       | SLOW |              |          |          |
| ExternalDataBus<21>                | IOB              | BIDIR     | LVCMOS25             |       | 12       | SLOW |              |          |          |
| ExternalDataBus<22>                | IOB              | BIDIR     | LVCMOS25             |       | 12       | SLOW |              |          |          |
| ExternalDataBus<23>                | IOB              | BIDIR     | LVCMOS25             |       | 12       | SLOW |              |          |          |
| ExternalDataBus<24>                | IOB              | BIDIR     | LVCMOS25             |       | 12       | SLOW |              |          |          |
| ExternalDataBus<25>                | IOB              | BIDIR     | LVCMOS25             |       | 12       | SLOW |              |          |          |
| ExternalDataBus<26>                | IOB              | BIDIR     | LVCMOS25             |       | 12       | SLOW |              |          |          |
| ExternalDataBus<27>                | IOB              | BIDIR     | LVCMOS25             |       | 12       | SLOW |              |          |          |
| ExternalDataBus<28>                | IOB              | BIDIR     | LVCMOS25             |       | 12       | SLOW |              |          |          |
| ExternalDataBus<29>                | IOB              | BIDIR     | LVCMOS25             |       | 12       | SLOW |              |          |          |
| ExternalDataBus<30>                | IOB              | BIDIR     | LVCMOS25             |       | 12       | SLOW |              |          |          |
| ExternalDataBus<31>                | IOB              | BIDIR     | LVCMOS25             |       | 12       | SLOW |              |          |          |
| ExternalDrive<0>                   | IOB              | OUTPUT    | LVCMOS25             |       | 12       | SLOW |              |          |          |
| ExternalDrive<1>                   | IOB              | OUTPUT    | LVCMOS25             |       | 12       | SLOW |              |          |          |
| ExternalDrive<2>                   | IOB              | OUTPUT    | LVCMOS25             |       | 12       | SLOW |              |          |          |
| ExternalExchangeReady              | IOB              | INPUT     | LVCMOS25             |       |          |      | IFF          |          | DEFAULT  |
| GetInstruction                     | IOB              | OUTPUT    | LVCMOS25             |       | 12       | SLOW |              |          |          |
| InstructionBus<0>                  | IOB              | OUTPUT    | LVCMOS25             |       | 12       | SLOW |              |          |          |
| InstructionBus<1>                  | IOB              | OUTPUT    | LVCMOS25             |       | 12       | SLOW |              |          |          |
| InstructionBus<2>                  | IOB              | OUTPUT    | LVCMOS25             |       | 12       | SLOW |              |          |          |
| InstructionBus<3>                  | IOB              | OUTPUT    | LVCMOS25             |       | 12       | SLOW |              |          |          |
| InstructionBus<4>                  | IOB              | OUTPUT    | LVCMOS25             |       | 12       | SLOW |              |          |          |
| InstructionBus<5>                  | IOB              | OUTPUT    | LVCMOS25             |       | 12       | SLOW |              |          |          |
| InstructionBus<6>                  | IOB              | OUTPUT    | LVCMOS25             |       | 12       | SLOW |              |          |          |
| InstructionBus<7>                  | IOB              | OUTPUT    | LVCMOS25             |       | 12       | SLOW |              |          |          |
| InstructionBus<8>                  | IOB              | OUTPUT    | LVCMOS25             |       | 12       | SLOW |              |          |          |
| InstructionBus<9>                  | IOB              | OUTPUT    | LVCMOS25             |       | 12       | SLOW |              |          |          |
| InstructionBus<10>                 | IOB              | OUTPUT    | LVCMOS25             |       | 12       | SLOW |              |          |          |
| InstructionBus<11>                 | IOB              | OUTPUT    | LVCMOS25             |       | 12       | SLOW |              |          |          |
| InstructionBus<12>                 | IOB              | OUTPUT    | LVCMOS25             |       | 12       | SLOW |              |          |          |
| InstructionBus<13>                 | IOB              | OUTPUT    | LVCMOS25             |       | 12       | SLOW |              |          |          |
| InstructionBus<14>                 | IOB              | OUTPUT    | LVCMOS25             |       | 12       | SLOW |              |          |          |
| InstructionBus<15>                 | IOB              | OUTPUT    | LVCMOS25             |       | 12       | SLOW |              |          |          |
| InstructionBus<16>                 | IOB              | OUTPUT    | LVCMOS25             |       | 12       | SLOW |              |          |          |
| InstructionBus<17>                 | IOB              | OUTPUT    | LVCMOS25             |       | 12       | SLOW |              |          |          |
| InstructionBus<18>                 | IOB              | OUTPUT    | LVCMOS25             |       | 12       | SLOW |              |          |          |
| InstructionBus<19>                 | IOB              | OUTPUT    | LVCMOS25             |       | 12       | SLOW |              |          |          |
| InstructionBus<20>                 | IOB              | OUTPUT    | LVCMOS25             |       | 12       | SLOW |              |          |          |
| InstructionBus<21>                 | IOB              | OUTPUT    | LVCMOS25             |       | 12       | SLOW |              |          |          |
| InstructionBus<22>                 | IOB              | OUTPUT    | LVCMOS25             |       | 12       | SLOW |              |          |          |
| InstructionBus<23>                 | IOB              | OUTPUT    | LVCMOS25             |       | 12       | SLOW |              |          |          |
| InstructionBus<24>                 | IOB              | OUTPUT    | LVCMOS25             |       | 12       | SLOW |              |          |          |
| InstructionBus<25>                 | IOB              | OUTPUT    | LVCMOS25             |       | 12       | SLOW |              |          |          |
| InstructionBus<26>                 | IOB              | OUTPUT    | LVCMOS25             |       | 12       | SLOW |              |          |          |
| InstructionBus<27>                 | IOB              | OUTPUT    | LVCMOS25             |       | 12       | SLOW |              |          |          |
| InstructionBus<28>                 | IOB              | OUTPUT    | LVCMOS25             |       | 12       | SLOW |              |          |          |
| InstructionBus<29>                 | IOB              | OUTPUT    | LVCMOS25             |       | 12       | SLOW |              |          |          |
| InstructionBus<30>                 | IOB              | OUTPUT    | LVCMOS25             |       | 12       | SLOW |              |          |          |
| InstructionBus<31>                 | IOB              | OUTPUT    | LVCMOS25             |       | 12       | SLOW |              |          |          |
| InternalDataBus<0>                 | IOB              | BIDIR     | LVCMOS25             |       | 12       | SLOW |              |          |          |
| InternalDataBus<1>                 | IOB              | BIDIR     | LVCMOS25             |       | 12       | SLOW |              |          |          |
| InternalDataBus<2>                 | IOB              | BIDIR     | LVCMOS25             |       | 12       | SLOW |              |          |          |
| InternalDataBus<3>                 | IOB              | BIDIR     | LVCMOS25             |       | 12       | SLOW |              |          |          |
| InternalDataBus<4>                 | IOB              | BIDIR     | LVCMOS25             |       | 12       | SLOW |              |          |          |
| InternalDataBus<5>                 | IOB              | BIDIR     | LVCMOS25             |       | 12       | SLOW |              |          |          |
| InternalDataBus<6>                 | IOB              | BIDIR     | LVCMOS25             |       | 12       | SLOW |              |          |          |
| InternalDataBus<7>                 | IOB              | BIDIR     | LVCMOS25             |       | 12       | SLOW |              |          |          |
| InternalDataBus<8>                 | IOB              | BIDIR     | LVCMOS25             |       | 12       | SLOW |              |          |          |
| InternalDataBus<9>                 | IOB              | BIDIR     | LVCMOS25             |       | 12       | SLOW |              |          |          |
| InternalDataBus<10>                | IOB              | BIDIR     | LVCMOS25             |       | 12       | SLOW |              |          |          |
| InternalDataBus<11>                | IOB              | BIDIR     | LVCMOS25             |       | 12       | SLOW |              |          |          |
| InternalDataBus<12>                | IOB              | BIDIR     | LVCMOS25             |       | 12       | SLOW |              |          |          |
| InternalDataBus<13>                | IOB              | BIDIR     | LVCMOS25             |       | 12       | SLOW |              |          |          |
| InternalDataBus<14>                | IOB              | BIDIR     | LVCMOS25             |       | 12       | SLOW |              |          |          |
| InternalDataBus<15>                | IOB              | BIDIR     | LVCMOS25             |       | 12       | SLOW |              |          |          |
| InternalDataBus<16>                | IOB              | BIDIR     | LVCMOS25             |       | 12       | SLOW |              |          |          |
| InternalDataBus<17>                | IOB              | BIDIR     | LVCMOS25             |       | 12       | SLOW |              |          |          |
| InternalDataBus<18>                | IOB              | BIDIR     | LVCMOS25             |       | 12       | SLOW |              |          |          |
| InternalDataBus<19>                | IOB              | BIDIR     | LVCMOS25             |       | 12       | SLOW |              |          |          |
| InternalDataBus<20>                | IOB              | BIDIR     | LVCMOS25             |       | 12       | SLOW |              |          |          |
| InternalDataBus<21>                | IOB              | BIDIR     | LVCMOS25             |       | 12       | SLOW |              |          |          |
| InternalDataBus<22>                | IOB              | BIDIR     | LVCMOS25             |       | 12       | SLOW |              |          |          |
| InternalDataBus<23>                | IOB              | BIDIR     | LVCMOS25             |       | 12       | SLOW |              |          |          |
| InternalDataBus<24>                | IOB              | BIDIR     | LVCMOS25             |       | 12       | SLOW |              |          |          |
| InternalDataBus<25>                | IOB              | BIDIR     | LVCMOS25             |       | 12       | SLOW |              |          |          |
| InternalDataBus<26>                | IOB              | BIDIR     | LVCMOS25             |       | 12       | SLOW |              |          |          |
| InternalDataBus<27>                | IOB              | BIDIR     | LVCMOS25             |       | 12       | SLOW |              |          |          |
| InternalDataBus<28>                | IOB              | BIDIR     | LVCMOS25             |       | 12       | SLOW |              |          |          |
| InternalDataBus<29>                | IOB              | BIDIR     | LVCMOS25             |       | 12       | SLOW |              |          |          |
| InternalDataBus<30>                | IOB              | BIDIR     | LVCMOS25             |       | 12       | SLOW |              |          |          |
| InternalDataBus<31>                | IOB              | BIDIR     | LVCMOS25             |       | 12       | SLOW |              |          |          |
| MemIO<0>                           | IOB              | OUTPUT    | LVCMOS25             |       | 12       | SLOW |              |          |          |
| MemIO<1>                           | IOB              | OUTPUT    | LVCMOS25             |       | 12       | SLOW |              |          |          |
| PCAddressBus<0>                    | IOB              | OUTPUT    | LVCMOS25             |       | 12       | SLOW |              |          |          |
| PCAddressBus<1>                    | IOB              | OUTPUT    | LVCMOS25             |       | 12       | SLOW |              |          |          |
| PCAddressBus<2>                    | IOB              | OUTPUT    | LVCMOS25             |       | 12       | SLOW |              |          |          |
| PCAddressBus<3>                    | IOB              | OUTPUT    | LVCMOS25             |       | 12       | SLOW |              |          |          |
| PCAddressBus<4>                    | IOB              | OUTPUT    | LVCMOS25             |       | 12       | SLOW |              |          |          |
| PCAddressBus<5>                    | IOB              | OUTPUT    | LVCMOS25             |       | 12       | SLOW |              |          |          |
| PCAddressBus<6>                    | IOB              | OUTPUT    | LVCMOS25             |       | 12       | SLOW |              |          |          |
| PCAddressBus<7>                    | IOB              | OUTPUT    | LVCMOS25             |       | 12       | SLOW |              |          |          |
| PCAddressBus<8>                    | IOB              | OUTPUT    | LVCMOS25             |       | 12       | SLOW |              |          |          |
| PCAddressBus<9>                    | IOB              | OUTPUT    | LVCMOS25             |       | 12       | SLOW |              |          |          |
| PCAddressBus<10>                   | IOB              | OUTPUT    | LVCMOS25             |       | 12       | SLOW |              |          |          |
| PCAddressBus<11>                   | IOB              | OUTPUT    | LVCMOS25             |       | 12       | SLOW |              |          |          |
| PCAddressBus<12>                   | IOB              | OUTPUT    | LVCMOS25             |       | 12       | SLOW |              |          |          |
| PCAddressBus<13>                   | IOB              | OUTPUT    | LVCMOS25             |       | 12       | SLOW |              |          |          |
| PCAddressBus<14>                   | IOB              | OUTPUT    | LVCMOS25             |       | 12       | SLOW |              |          |          |
| PCAddressBus<15>                   | IOB              | OUTPUT    | LVCMOS25             |       | 12       | SLOW |              |          |          |
| PCAddressBus<16>                   | IOB              | OUTPUT    | LVCMOS25             |       | 12       | SLOW |              |          |          |
| PCAddressBus<17>                   | IOB              | OUTPUT    | LVCMOS25             |       | 12       | SLOW |              |          |          |
| PCAddressBus<18>                   | IOB              | OUTPUT    | LVCMOS25             |       | 12       | SLOW |              |          |          |
| PCAddressBus<19>                   | IOB              | OUTPUT    | LVCMOS25             |       | 12       | SLOW |              |          |          |
| PCAddressBus<20>                   | IOB              | OUTPUT    | LVCMOS25             |       | 12       | SLOW |              |          |          |
| PCAddressBus<21>                   | IOB              | OUTPUT    | LVCMOS25             |       | 12       | SLOW |              |          |          |
| PCAddressBus<22>                   | IOB              | OUTPUT    | LVCMOS25             |       | 12       | SLOW |              |          |          |
| PCAddressBus<23>                   | IOB              | OUTPUT    | LVCMOS25             |       | 12       | SLOW |              |          |          |
| PCAddressBus<24>                   | IOB              | OUTPUT    | LVCMOS25             |       | 12       | SLOW |              |          |          |
| PCAddressBus<25>                   | IOB              | OUTPUT    | LVCMOS25             |       | 12       | SLOW |              |          |          |
| PCAddressBus<26>                   | IOB              | OUTPUT    | LVCMOS25             |       | 12       | SLOW |              |          |          |
| PCAddressBus<27>                   | IOB              | OUTPUT    | LVCMOS25             |       | 12       | SLOW |              |          |          |
| PCAddressBus<28>                   | IOB              | OUTPUT    | LVCMOS25             |       | 12       | SLOW |              |          |          |
| PCAddressBus<29>                   | IOB              | OUTPUT    | LVCMOS25             |       | 12       | SLOW |              |          |          |
| PCAddressBus<30>                   | IOB              | OUTPUT    | LVCMOS25             |       | 12       | SLOW |              |          |          |
| PCAddressBus<31>                   | IOB              | OUTPUT    | LVCMOS25             |       | 12       | SLOW |              |          |          |
| PCDrive<0>                         | IOB              | OUTPUT    | LVCMOS25             |       | 12       | SLOW |              |          |          |
| PCDrive<1>                         | IOB              | OUTPUT    | LVCMOS25             |       | 12       | SLOW |              |          |          |
| PCDrive<2>                         | IOB              | OUTPUT    | LVCMOS25             |       | 12       | SLOW |              |          |          |
| SRSet<0>                           | IOB              | OUTPUT    | LVCMOS25             |       | 12       | SLOW |              |          |          |
| SRSet<1>                           | IOB              | OUTPUT    | LVCMOS25             |       | 12       | SLOW |              |          |          |
| SRSet<2>                           | IOB              | OUTPUT    | LVCMOS25             |       | 12       | SLOW |              |          |          |
| SRSet<3>                           | IOB              | OUTPUT    | LVCMOS25             |       | 12       | SLOW |              |          |          |
| SRSet<4>                           | IOB              | OUTPUT    | LVCMOS25             |       | 12       | SLOW |              |          |          |
| SRSet<5>                           | IOB              | OUTPUT    | LVCMOS25             |       | 12       | SLOW |              |          |          |
| SRSet<6>                           | IOB              | OUTPUT    | LVCMOS25             |       | 12       | SLOW |              |          |          |
| SRSet<7>                           | IOB              | OUTPUT    | LVCMOS25             |       | 12       | SLOW |              |          |          |
| SelX<0>                            | IOB              | OUTPUT    | LVCMOS25             |       | 12       | SLOW |              |          |          |
| SelX<1>                            | IOB              | OUTPUT    | LVCMOS25             |       | 12       | SLOW |              |          |          |
| SelX<2>                            | IOB              | OUTPUT    | LVCMOS25             |       | 12       | SLOW |              |          |          |
| SelY<0>                            | IOB              | OUTPUT    | LVCMOS25             |       | 12       | SLOW |              |          |          |
| SelY<1>                            | IOB              | OUTPUT    | LVCMOS25             |       | 12       | SLOW |              |          |          |
| SelY<2>                            | IOB              | OUTPUT    | LVCMOS25             |       | 12       | SLOW |              |          |          |
| SelZ<0>                            | IOB              | OUTPUT    | LVCMOS25             |       | 12       | SLOW |              |          |          |
| SelZ<1>                            | IOB              | OUTPUT    | LVCMOS25             |       | 12       | SLOW |              |          |          |
| SelZ<2>                            | IOB              | OUTPUT    | LVCMOS25             |       | 12       | SLOW |              |          |          |
| ValidMemoryData                    | IOB              | OUTPUT    | LVCMOS25             |       | 12       | SLOW |              |          |          |
| clk                                | IOB              | INPUT     | LVCMOS25             |       |          |      |              |          |          |
| rst                                | IOB              | INPUT     | LVCMOS25             |       |          |      |              |          |          |
+---------------------------------------------------------------------------------------------------------------------------------------------------------+

Section 7 - RPMs
----------------

Section 8 - Guide Report
------------------------
Guide not run on this design.

Section 9 - Area Group and Partition Summary
--------------------------------------------

Partition Implementation Status
-------------------------------

  No Partitions were found in this design.

-------------------------------

Area Group Information
----------------------

  No area groups were found in this design.

----------------------

Section 10 - Timing Report
--------------------------
A logic-level (pre-route) timing report can be generated by using Xilinx static
timing analysis tools, Timing Analyzer (GUI) or TRCE (command line), with the
mapped NCD and PCF files. Please note that this timing report will be generated
using estimated delay information. For accurate numbers, please generate a
timing report with the post Place and Route NCD file.

For more information about the Timing Analyzer, consult the Xilinx Timing
Analyzer Reference Manual; for more information about TRCE, consult the Xilinx
Command Line Tools User Guide "TRACE" chapter.

Section 11 - Configuration String Details
-----------------------------------------
Use the "-detail" map option to print out Configuration Strings

Section 12 - Control Set Information
------------------------------------
Use the "-detail" map option to print out Control Set Information.

Section 13 - Utilization by Hierarchy
-------------------------------------
Use the "-detail" map option to print out the Utilization by Hierarchy section.
