Command line:
   ALU_isim_beh.exe
     -simmode  gui
     -simrunnum  0
     -socket  49680

Mon Jan 18 14:36:27 2021


 Elaboration Time: 0.03125 sec

 Current Memory Usage: 361.423 Meg

 Total Signals          : 23
 Total Nets             : 299
 Total Signal Drivers   : 14
 Total Blocks           : 2
 Total Primitive Blocks : 2
 Total Processes        : 16
 Total Traceable Variables  : 36
 Total Scalar Nets and Variables : 667
Total Line Count : 444

 Total Simulation Time: 0.1875 sec

 Current Memory Usage: 361.423 Meg

Mon Jan 18 14:36:34 2021

